mod	trans_guid	split_guid	time_now	date_entered	date_posted	acc_guid	acc_name	num	description	notes	memo	action	reconciled	amount	value	date_reconciled
-----------------
===== START
===== END
===== START
D	9b8217e8fd931664e33e64c44f0cb604	11fb59c48529067bbccf4713a63fd441	2019-12-09 12:22:17.000000 +0100	2019-12-09 12:22:17.000000 +0100	2019-12-09 11:59:00.000000 +0100								n	0/1	0/100	1970-01-01 01:00:00.000000 +0100
===== END
===== START
===== END
===== START
D	ebe33ee8809d291b57824812b2617c0b	ddad95a7d7fa8e1ccd2e595012819191	2019-12-09 12:22:34.000000 +0100	2019-12-09 12:22:34.000000 +0100	2019-12-09 11:59:00.000000 +0100								n	0/1	0/100	1970-01-01 01:00:00.000000 +0100
===== END
===== START
===== END
===== START
C	be7dd5b277afd87a3aa5a4fba8891965	c3fbae076fc69a2a65ed1b1723874003	2019-12-09 12:24:23.000000 +0100	2019-12-09 12:24:23.000000 +0100	2019-12-09 11:59:00.000000 +0100	ae754fb56660de08471dc58fd8db2de5	Opening Balances		Bankia				n	-88177/100	-88177/100	1970-01-01 01:00:00.000000 +0100
C	be7dd5b277afd87a3aa5a4fba8891965	389a4f4972342e91545a3040037eb02d	2019-12-09 12:24:23.000000 +0100	2019-12-09 12:24:23.000000 +0100	2019-12-09 11:59:00.000000 +0100	70ecb1e484afb9340958e9e6b2602f15	Checking Account		Bankia				n	88177/100	88177/100	1970-01-01 01:00:00.000000 +0100
===== END
===== START
===== END
===== START
C	9ff9e8b4bfc39724673c4f4b7ef9d336	47aeac2bd7447803a039ce55f0b8c68b	2019-12-09 12:24:51.000000 +0100	2019-12-09 12:24:51.000000 +0100	2019-12-09 11:59:00.000000 +0100	ae754fb56660de08471dc58fd8db2de5	Opening Balances		Wallet				n	-1857/100	-1857/100	1970-01-01 01:00:00.000000 +0100
C	9ff9e8b4bfc39724673c4f4b7ef9d336	9e4195a09a99c66095cb07322839d6ef	2019-12-09 12:24:51.000000 +0100	2019-12-09 12:24:51.000000 +0100	2019-12-09 11:59:00.000000 +0100	45ef607b7e0b1c52da86f986572e7988	Cash in Wallet		Wallet				n	1857/100	1857/100	1970-01-01 01:00:00.000000 +0100
===== END
===== START
===== END
===== START
D	e6745a01c5749ee25443f59b52f380f9	5ad8b228cef123fecd76692c54a64c02	2019-12-09 12:25:52.000000 +0100	2019-12-09 12:25:52.000000 +0100	2019-12-09 11:59:00.000000 +0100								n	0/1	0/100	1970-01-01 01:00:00.000000 +0100
===== END
===== START
===== END
===== START
D	cb9e01f989170ce0985eb00941e82cdd	e79cbe73cb8dddf201d67e431b7b44e5	2019-12-09 12:27:33.000000 +0100	2019-12-09 12:27:33.000000 +0100	2019-12-09 11:59:00.000000 +0100								n	0/1	0/100	1970-01-01 01:00:00.000000 +0100
===== END
===== START
===== END
===== START
C	575df031fff7f6bf3f1b9843e74f241e	e0289773cebdcdaf88207ee3107f7218	2019-12-09 12:29:43.000000 +0100	2019-12-09 12:29:43.000000 +0100	2019-12-05 11:59:00.000000 +0100	b9a248dd166cc4a6d3ca2ff751efe142	Dining		Gondoliere Expresso con Elena				n	925/100	925/100	1970-01-01 01:00:00.000000 +0100
C	575df031fff7f6bf3f1b9843e74f241e	84342aade97499c42cc2eb79e49ddb3b	2019-12-09 12:29:43.000000 +0100	2019-12-09 12:29:43.000000 +0100	2019-12-05 11:59:00.000000 +0100	45ef607b7e0b1c52da86f986572e7988	Cash in Wallet		Gondoliere Expresso con Elena				n	-925/100	-925/100	1970-01-01 01:00:00.000000 +0100
===== END
===== START
===== END
===== START
C	15d74bfe954e461b9eb234730bb4e8b0	02e5eef49ac974f2d542b96d0826d910	2019-12-09 12:30:42.000000 +0100	2019-12-09 12:30:42.000000 +0100	2019-12-05 11:59:00.000000 +0100	b9a248dd166cc4a6d3ca2ff751efe142	Dining		Merceditas con Chupipandi				n	480/100	480/100	1970-01-01 01:00:00.000000 +0100
C	15d74bfe954e461b9eb234730bb4e8b0	d6a828dcc960fd384bfa7bbe5ef7413f	2019-12-09 12:30:42.000000 +0100	2019-12-09 12:30:42.000000 +0100	2019-12-05 11:59:00.000000 +0100	45ef607b7e0b1c52da86f986572e7988	Cash in Wallet		Merceditas con Chupipandi				n	-480/100	-480/100	1970-01-01 01:00:00.000000 +0100
===== END
===== START
===== END
